{
  "stats": {
    "suites": 1,
    "tests": 1,
    "passes": 1,
    "pending": 0,
    "failures": 0,
    "start": "2021-08-15T18:48:56.024Z",
    "end": "2021-08-15T18:49:09.627Z",
    "duration": 13603,
    "testsRegistered": 1,
    "passPercent": 100,
    "pendingPercent": 0,
    "other": 0,
    "hasOther": false,
    "skipped": 0,
    "hasSkipped": false
  },
  "results": [
    {
      "uuid": "68d0aacb-c404-431f-a3a6-cb3a6b4dfa90",
      "title": "",
      "fullFile": "cypress/integration/2-advanced-examples/Building_Customized_Cypress_command.js",
      "file": "cypress/integration/2-advanced-examples/Building_Customized_Cypress_command.js",
      "beforeHooks": [],
      "afterHooks": [],
      "tests": [],
      "suites": [
        {
          "uuid": "c8ef811c-89d5-4f1f-a99a-75fc00e2f726",
          "title": "developing Test framework",
          "fullFile": "",
          "file": "",
          "beforeHooks": [],
          "afterHooks": [],
          "tests": [
            {
              "title": "Building Framework",
              "fullTitle": "developing Test framework Building Framework",
              "timedOut": null,
              "duration": 10623,
              "state": "passed",
              "speed": "slow",
              "pass": true,
              "fail": false,
              "pending": false,
              "context": null,
              "code": "const homePage = new _HomePage.default();\nconst productPage = new _ProductPage.default();\nconst productListPage = new _ProductListPage.default(); // cy.visit(\"https://rahulshettyacademy.com/angularpractice/\");\ncy.visit(Cypress.env(\"url\"));\nhomePage.getShopTab().click(); // cy.pause();\n// cy.debug();\nthis.data.productName.forEach(element => {\n  cy.selectProduct(element);\n});\nproductPage.getCheckOutButton().click();\nvar sum = 0;\ncy.get(\"tr td:nth-child(4) strong\").each(($el, index, $list) => {\n  cy.log($el.text());\n  const actualAmount = $el.text();\n  var res = actualAmount.split(\" \");\n  res = res[1].trim();\n  sum = Number(sum) + Number(res);\n}).then(function () {\n  cy.log(sum);\n});\ncy.get(\"h3 strong\").then(function (element) {\n  const amount = element.text();\n  var res = amount.split(\" \");\n  var total = res[1].trim();\n  expect(Number(total)).to.equal(sum);\n});\nproductListPage.getFinalCheckOutButton().click();\ncy.get(\"#country\").type(\"India\");\ncy.get(\".suggestions > ul > li > a\", {\n  timeout: 6000\n}).click();\ncy.get(\"#checkbox2\").click({\n  force: true\n});\ncy.get(\".ng-untouched > .btn\").click();\ncy.get(\".alert\").then(function (element) {\n  const actualText = element.text();\n  expect(actualText.includes(\"Success\")).to.be.true;\n});",
              "err": {},
              "uuid": "8e050505-0560-4c65-9bb2-ec700cfb8ccf",
              "parentUUID": "c8ef811c-89d5-4f1f-a99a-75fc00e2f726",
              "isHook": false,
              "skipped": false
            }
          ],
          "suites": [],
          "passes": [
            "8e050505-0560-4c65-9bb2-ec700cfb8ccf"
          ],
          "failures": [],
          "pending": [],
          "skipped": [],
          "duration": 10623,
          "root": false,
          "rootEmpty": false,
          "_timeout": 2000
        }
      ],
      "passes": [],
      "failures": [],
      "pending": [],
      "skipped": [],
      "duration": 0,
      "root": true,
      "rootEmpty": true,
      "_timeout": 2000
    }
  ],
  "meta": {
    "mocha": {
      "version": "7.0.1"
    },
    "mochawesome": {
      "options": {
        "quiet": false,
        "reportFilename": "mochawesome",
        "saveHtml": true,
        "saveJson": true,
        "consoleReporter": "spec",
        "useInlineDiffs": false,
        "code": true
      },
      "version": "6.2.2"
    },
    "marge": {
      "options": null,
      "version": "5.2.0"
    }
  }
}